<?xml version="1.0" encoding="UTF-8"?>
<!-- Generated by org.testng.reporters.JUnitReportReporter -->
<testsuite skipped="0" hostname="DESKTOP-O6S8VEP" name="tests.LoginTest" tests="1" failures="0" timestamp="25 Jul 2018 19:10:07 GMT" time="5.964" errors="0">
  <testcase name="login" time="5.964" classname="tests.LoginTest"/>
</testsuite> <!-- tests.LoginTest -->
