<?xml version="1.0" encoding="UTF-8"?>
<!-- Generated by org.testng.reporters.JUnitReportReporter -->
<testsuite skipped="0" hostname="DESKTOP-O6S8VEP" name="tests.LoginTest" tests="1" failures="0" timestamp="25 Jul 2018 03:55:18 GMT" time="4.704" errors="0">
  <testcase name="login" time="4.704" classname="tests.LoginTest"/>
</testsuite> <!-- tests.LoginTest -->
